{"uuid":"1e6c5c53-ac55-430a-8860-9d5746913ef4","historyId":"98d622cb45a06ac5148677f0d275c101","fullName":"TestRunner.TestRnr.dropdownbtn","labels":[{"name":"package","value":"TestRunner.TestRnr"},{"name":"testClass","value":"TestRunner.TestRnr"},{"name":"testMethod","value":"dropdownbtn"},{"name":"parentSuite","value":"Surefire suite"},{"name":"suite","value":"Surefire test"},{"name":"subSuite","value":"TestRunner.TestRnr"},{"name":"host","value":"DESKTOP-BAMVBH7"},{"name":"thread","value":"6964@DESKTOP-BAMVBH7.main(1)"},{"name":"framework","value":"testng"},{"name":"language","value":"java"}],"links":[],"name":"dptdwn","status":"skipped","statusDetails":{"known":false,"muted":false,"flaky":false,"message":"Can't locate an element by this strategy: By.id: com.android.permissioncontroller:id/continue_button","trace":"org.openqa.selenium.NoSuchElementException: Can't locate an element by this strategy: By.id: com.android.permissioncontroller:id/continue_button\r\n\tat io.appium.java_client.pagefactory.AppiumElementLocator.findElement(AppiumElementLocator.java:166)\r\n\tat io.appium.java_client.pagefactory.interceptors.InterceptorOfASingleElement.call(InterceptorOfASingleElement.java:64)\r\n\tat io.appium.java_client.proxy.Interceptor.intercept(Interceptor.java:77)\r\n\tat org.openqa.selenium.remote.RemoteWebElement$ByteBuddy$fyo4HNDK.click(Unknown Source)\r\n\tat TestRunner.TestRnr.continuebtn(TestRnr.java:19)\r\n\tat java.base/jdk.internal.reflect.NativeMethodAccessorImpl.invoke0(Native Method)\r\n\tat java.base/jdk.internal.reflect.NativeMethodAccessorImpl.invoke(NativeMethodAccessorImpl.java:64)\r\n\tat java.base/jdk.internal.reflect.DelegatingMethodAccessorImpl.invoke(DelegatingMethodAccessorImpl.java:43)\r\n\tat java.base/java.lang.reflect.Method.invoke(Method.java:564)\r\n\tat org.testng.internal.invokers.MethodInvocationHelper.invokeMethod(MethodInvocationHelper.java:139)\r\n\tat org.testng.internal.invokers.MethodInvocationHelper.invokeMethodConsideringTimeout(MethodInvocationHelper.java:69)\r\n\tat org.testng.internal.invokers.ConfigInvoker.invokeConfigurationMethod(ConfigInvoker.java:361)\r\n\tat org.testng.internal.invokers.ConfigInvoker.invokeConfigurations(ConfigInvoker.java:296)\r\n\tat org.testng.TestRunner.invokeTestConfigurations(TestRunner.java:644)\r\n\tat org.testng.TestRunner.beforeRun(TestRunner.java:633)\r\n\tat org.testng.TestRunner.run(TestRunner.java:595)\r\n\tat org.testng.SuiteRunner.runTest(SuiteRunner.java:437)\r\n\tat org.testng.SuiteRunner.runSequentially(SuiteRunner.java:431)\r\n\tat org.testng.SuiteRunner.privateRun(SuiteRunner.java:391)\r\n\tat org.testng.SuiteRunner.run(SuiteRunner.java:330)\r\n\tat org.testng.SuiteRunnerWorker.runSuite(SuiteRunnerWorker.java:52)\r\n\tat org.testng.SuiteRunnerWorker.run(SuiteRunnerWorker.java:95)\r\n\tat org.testng.TestNG.runSuitesSequentially(TestNG.java:1256)\r\n\tat org.testng.TestNG.runSuitesLocally(TestNG.java:1176)\r\n\tat org.testng.TestNG.runSuites(TestNG.java:1099)\r\n\tat org.testng.TestNG.run(TestNG.java:1067)\r\n\tat org.apache.maven.surefire.testng.TestNGExecutor.run(TestNGExecutor.java:135)\r\n\tat org.apache.maven.surefire.testng.TestNGDirectoryTestSuite.executeMulti(TestNGDirectoryTestSuite.java:193)\r\n\tat org.apache.maven.surefire.testng.TestNGDirectoryTestSuite.execute(TestNGDirectoryTestSuite.java:94)\r\n\tat org.apache.maven.surefire.testng.TestNGProvider.invoke(TestNGProvider.java:146)\r\n\tat org.apache.maven.surefire.booter.ForkedBooter.invokeProviderInSameClassLoader(ForkedBooter.java:384)\r\n\tat org.apache.maven.surefire.booter.ForkedBooter.runSuitesInProcess(ForkedBooter.java:345)\r\n\tat org.apache.maven.surefire.booter.ForkedBooter.execute(ForkedBooter.java:126)\r\n\tat org.apache.maven.surefire.booter.ForkedBooter.main(ForkedBooter.java:418)\r\nCaused by: org.openqa.selenium.TimeoutException: Expected condition failed: waiting for io.appium.java_client.pagefactory.AppiumElementLocator$WaitingFunction@126f1ba8 (tried for 1 second(s) with 500 milliseconds interval)\r\n\tat org.openqa.selenium.support.ui.FluentWait.timeoutException(FluentWait.java:261)\r\n\tat org.openqa.selenium.support.ui.FluentWait.until(FluentWait.java:229)\r\n\tat io.appium.java_client.pagefactory.AppiumElementLocator.waitFor(AppiumElementLocator.java:135)\r\n\tat io.appium.java_client.pagefactory.AppiumElementLocator.findElement(AppiumElementLocator.java:160)\r\n\t... 33 more\r\nCaused by: org.openqa.selenium.NoSuchElementException: An element could not be located on the page using the given search parameters.\nFor documentation on this error, please visit: https://www.selenium.dev/documentation/webdriver/troubleshooting/errors#no-such-element-exception\nBuild info: version: '4.16.1', revision: '9b4c83354e'\nSystem info: os.name: 'Windows 10', os.arch: 'amd64', os.version: '10.0', java.version: '15.0.2'\nDriver info: io.appium.java_client.android.AndroidDriver\nCommand: [98bbae5b-3aef-4967-922e-4bbde105b3fc, findElement {using=id, value=com.android.permissioncontroller:id/continue_button}]\nCapabilities {appium:app: C:\\Maven&TestNG\\selendroidp..., appium:appActivity: io.selendroid.testapp.HomeS..., appium:appPackage: io.selendroid.testapp, appium:automationName: uiautomator2, appium:databaseEnabled: false, appium:desired: {app: C:\\Maven&TestNG\\selendroidp..., appActivity: io.selendroid.testapp.HomeS..., appPackage: io.selendroid.testapp, automationName: uiautomator2, deviceName: DAQWOJZ99SV87LZL, platformName: ANDROID, platformVersion: 11}, appium:deviceApiLevel: 30, appium:deviceManufacturer: OPPO, appium:deviceModel: CPH1969, appium:deviceName: DAQWOJZ99SV87LZL, appium:deviceScreenDensity: 408, appium:deviceScreenSize: 1080x2340, appium:deviceUDID: DAQWOJZ99SV87LZL, appium:javascriptEnabled: true, appium:locationContextEnabled: false, appium:networkConnectionEnabled: true, appium:pixelRatio: 2.55, appium:platformVersion: 11, appium:statBarHeight: 82, appium:takesScreenshot: true, appium:viewportRect: {height: 2258, left: 0, top: 82, width: 1080}, appium:warnings: {}, appium:webStorageEnabled: false, platformName: ANDROID}\nSession ID: 98bbae5b-3aef-4967-922e-4bbde105b3fc\r\n\tat java.base/jdk.internal.reflect.NativeConstructorAccessorImpl.newInstance0(Native Method)\r\n\tat java.base/jdk.internal.reflect.NativeConstructorAccessorImpl.newInstance(NativeConstructorAccessorImpl.java:64)\r\n\tat java.base/jdk.internal.reflect.DelegatingConstructorAccessorImpl.newInstance(DelegatingConstructorAccessorImpl.java:45)\r\n\tat java.base/java.lang.reflect.Constructor.newInstanceWithCaller(Constructor.java:500)\r\n\tat java.base/java.lang.reflect.Constructor.newInstance(Constructor.java:481)\r\n\tat org.openqa.selenium.remote.codec.w3c.W3CHttpResponseCodec.createException(W3CHttpResponseCodec.java:200)\r\n\tat org.openqa.selenium.remote.codec.w3c.W3CHttpResponseCodec.decode(W3CHttpResponseCodec.java:133)\r\n\tat org.openqa.selenium.remote.codec.w3c.W3CHttpResponseCodec.decode(W3CHttpResponseCodec.java:52)\r\n\tat org.openqa.selenium.remote.HttpCommandExecutor.execute(HttpCommandExecutor.java:191)\r\n\tat io.appium.java_client.remote.AppiumCommandExecutor.execute(AppiumCommandExecutor.java:238)\r\n\tat org.openqa.selenium.remote.RemoteWebDriver.execute(RemoteWebDriver.java:523)\r\n\tat org.openqa.selenium.remote.ElementLocation$ElementFinder$2.findElement(ElementLocation.java:165)\r\n\tat org.openqa.selenium.remote.ElementLocation.findElement(ElementLocation.java:59)\r\n\tat org.openqa.selenium.remote.RemoteWebDriver.findElement(RemoteWebDriver.java:360)\r\n\tat org.openqa.selenium.remote.RemoteWebDriver.findElement(RemoteWebDriver.java:354)\r\n\tat io.appium.java_client.pagefactory.bys.ContentMappedBy.findElement(ContentMappedBy.java:53)\r\n\tat org.openqa.selenium.remote.ElementLocation$ElementFinder$1.findElement(ElementLocation.java:139)\r\n\tat org.openqa.selenium.remote.ElementLocation.findElement(ElementLocation.java:59)\r\n\tat org.openqa.selenium.remote.RemoteWebDriver.findElement(RemoteWebDriver.java:360)\r\n\tat org.openqa.selenium.remote.RemoteWebDriver.findElement(RemoteWebDriver.java:354)\r\n\tat io.appium.java_client.pagefactory.AppiumElementLocator.lambda$findElement$1(AppiumElementLocator.java:160)\r\n\tat io.appium.java_client.pagefactory.AppiumElementLocator$WaitingFunction.apply(AppiumElementLocator.java:217)\r\n\tat io.appium.java_client.pagefactory.AppiumElementLocator$WaitingFunction.apply(AppiumElementLocator.java:210)\r\n\tat org.openqa.selenium.support.ui.FluentWait.until(FluentWait.java:204)\r\n\t... 35 more\r\n"},"stage":"finished","steps":[],"attachments":[],"parameters":[],"start":1702034885784,"stop":1702034885786}